<?xml version="1.0" encoding="UTF-8"?>
<!-- Generated by org.testng.reporters.JUnitReportReporter -->
<testsuite hostname="PIYUSH" failures="0" tests="1" name="carInsuranceRegistration.CarInsuranceTest" time="24.942" errors="0" timestamp="2024-02-15T19:20:27 IST" skipped="0">
  <testcase classname="carInsuranceRegistration.CarInsuranceTest" name="insuranceRegistration" time="24.942"/>
</testsuite> <!-- carInsuranceRegistration.CarInsuranceTest -->
