<?xml version="1.0" encoding="UTF-8"?>
<!-- Generated by org.testng.reporters.JUnitReportReporter -->
<testsuite hostname="PIYUSH" failures="0" tests="1" name="carInsuranceRegistration.CarInsuranceTest" time="26.086" errors="0" timestamp="2024-02-12T10:04:00 IST" skipped="0">
  <testcase classname="carInsuranceRegistration.CarInsuranceTest" name="insuranceRegistration" time="26.086"/>
</testsuite> <!-- carInsuranceRegistration.CarInsuranceTest -->
