<?xml version="1.0" encoding="UTF-8"?>
<!-- Generated by org.testng.reporters.JUnitReportReporter -->
<testsuite hostname="PIYUSH" failures="0" tests="1" name="carInsuranceRegistration.CarInsuranceTest" time="4.039" errors="0" timestamp="2024-02-06T23:53:29 IST" skipped="0">
  <testcase classname="carInsuranceRegistration.CarInsuranceTest" name="insuranceRegistration" time="4.039"/>
</testsuite> <!-- carInsuranceRegistration.CarInsuranceTest -->
